INFO: [VRFC 10-2263] Analyzing Verilog file "/home/gabriel/PG/Verilog/SR_latch_gate.v" into library xil_defaultlib
INFO: [VRFC 10-311] analyzing module SR_latch_gate
INFO: [VRFC 10-2263] Analyzing Verilog file "/home/gabriel/PG/MovingAverage/MovingAverage.srcs/sources_1/new/mux2_1.v" into library xil_defaultlib
INFO: [VRFC 10-311] analyzing module mux2_1
INFO: [VRFC 10-2263] Analyzing Verilog file "/home/gabriel/PG/Verilog/delayed_and.v" into library xil_defaultlib
INFO: [VRFC 10-311] analyzing module delayed_and
INFO: [VRFC 10-2458] undeclared symbol M, assumed default net type wire [/home/gabriel/PG/Verilog/delayed_and.v:37]
INFO: [VRFC 10-2458] undeclared symbol N, assumed default net type wire [/home/gabriel/PG/Verilog/delayed_and.v:38]
INFO: [VRFC 10-2263] Analyzing Verilog file "/home/gabriel/PG/Verilog/thermo2bin.v" into library xil_defaultlib
INFO: [VRFC 10-311] analyzing module thermo2bin
INFO: [VRFC 10-2263] Analyzing Verilog file "/home/gabriel/PG/Verilog/Sort.v" into library xil_defaultlib
INFO: [VRFC 10-311] analyzing module Sort
INFO: [VRFC 10-2263] Analyzing Verilog file "/home/gabriel/PG/Verilog/Sumatoria.v" into library xil_defaultlib
INFO: [VRFC 10-311] analyzing module Sumatoria
INFO: [VRFC 10-2263] Analyzing Verilog file "/home/gabriel/PG/Verilog/shiftRegister.v" into library xil_defaultlib
INFO: [VRFC 10-311] analyzing module shiftRegister
INFO: [VRFC 10-2263] Analyzing Verilog file "/home/gabriel/PG/Verilog/Multiplicador.v" into library xil_defaultlib
INFO: [VRFC 10-311] analyzing module Multiplicador
INFO: [VRFC 10-2263] Analyzing Verilog file "/home/gabriel/PG/MovingAverage/MovingAverage.srcs/sources_1/new/movingAverage.v" into library xil_defaultlib
INFO: [VRFC 10-311] analyzing module movingAverage
INFO: [VRFC 10-2263] Analyzing Verilog file "/home/gabriel/PG/Verilog/FiltroPB.v" into library xil_defaultlib
INFO: [VRFC 10-311] analyzing module FiltroPB
INFO: [VRFC 10-2263] Analyzing Verilog file "/home/gabriel/PG/Verilog/Comparador.v" into library xil_defaultlib
INFO: [VRFC 10-311] analyzing module Comparador
INFO: [VRFC 10-2263] Analyzing Verilog file "/home/gabriel/PG/Verilog/AlgoritmoCorrelacion.v" into library xil_defaultlib
INFO: [VRFC 10-311] analyzing module AlgoritmoCorrelacion
INFO: [VRFC 10-2263] Analyzing Verilog file "/home/gabriel/PG/Verilog/tb_AlgoritmoCorrelacion2.v" into library xil_defaultlib
INFO: [VRFC 10-311] analyzing module tb_AlgoritmoCorrelacion
INFO: [VRFC 10-2263] Analyzing Verilog file "/home/gabriel/PG/AlgoritmoCorrelacion/AlgoritmoCorrelacion.sim/sim_1/behav/glbl.v" into library xil_defaultlib
INFO: [VRFC 10-311] analyzing module glbl
