Vivado Simulator 2015.4
Time resolution is 1 ps
 460
 464
 475
 458
 466
 473
 489
 481
 478
 476
 451
 487
 481
 487
 493
 501
 502
 507
 497
 530
 574
 505
 550
 583
 570
 573
 560
 555
 576
 596
 563
 583
 589
 610
 600
 587
 594
 615
 603
 613
 628
 597
 633
 589
 580
 583
 581
 586
 611
 587
 549
 574
 607
 598
 619
 653
 631
 625
 629
 644
1024
 636
 619
 613
 631
 630
 635
 587
 611
 563
 551
 595
 617
 588
 558
 573
 604
 600
 589
 591
 598
 619
 546
 590
 616
 615
 580
 592
 561
 602
 606
 623
 599
 588
 599
 603
 580
 626
 604
 599
 560
 574
 631
 639
 605
 598
 611
 583
 609
 548
 587
 615
 560
 594
 589
 592
 553
 574
 582
 606
 597
 582
 617
 633
 604
 614
   0
$finish called at time : 2570 ns : File "/home/gabriel/PG/Verilog/tb_AlgoritmoCorrelacion2.v" Line 79
