Vivado Simulator 2015.4
Copyright 1986-1999, 2001-2015 Xilinx, Inc. All Rights Reserved.
Running: /opt/Xilinx/Vivado/2015.4/bin/unwrapped/lnx64.o/xelab -wto 419dddb1f1ad44b882a6b3e2abc42a8f --debug typical --relax --mt 8 --maxdelay -L xil_defaultlib -L simprims_ver -L secureip --snapshot tb_AlgoritmoCorrelacion_time_synth -transport_int_delays -pulse_r 0 -pulse_int_r 0 xil_defaultlib.tb_AlgoritmoCorrelacion xil_defaultlib.glbl -log elaborate.log 
Using 8 slave threads.
Starting static elaboration
Completed static elaboration
Starting simulation data flow analysis
Completed simulation data flow analysis
INFO: [XSIM 43-3451] SDF backannotation process started with SDF file "tb_AlgoritmoCorrelacion_time_synth.sdf", for root module "tb_AlgoritmoCorrelacion/inst_AlgoritmoCorrelacion".
INFO: [XSIM 43-3452] SDF backannotation was successful for SDF file "tb_AlgoritmoCorrelacion_time_synth.sdf", for root module "tb_AlgoritmoCorrelacion/inst_AlgoritmoCorrelacion".
Time Resolution for simulation is 1ps
Compiling module simprims_ver.IBUF
Compiling module simprims_ver.OBUF
Compiling module simprims_ver.LUT6
Compiling module simprims_ver.x_lut3_mux4
Compiling module simprims_ver.x_lut3_mux4_reduced_0
Compiling module simprims_ver.LUT3
Compiling module simprims_ver.LUT5
Compiling module simprims_ver.x_lut2_mux4
Compiling module simprims_ver.LUT2
Compiling module simprims_ver.BUFG
Compiling module simprims_ver.latchsre_ldce
Compiling module simprims_ver.LDCE
Compiling module simprims_ver.LDCE(IS_G_INVERTED=1'b1)
Compiling module simprims_ver.LUT4
Compiling module simprims_ver.sffsrce_fdre
Compiling module simprims_ver.FDRE
Compiling module xil_defaultlib.AlgoritmoCorrelacion
Compiling module xil_defaultlib.tb_AlgoritmoCorrelacion
Compiling module xil_defaultlib.glbl
Built simulation snapshot tb_AlgoritmoCorrelacion_time_synth
